<?xml version="1.0" encoding="UTF-8"?>
<!-- Generated by org.testng.reporters.JUnitReportReporter -->
<testsuite hostname="DU1LSITA112PPH" failures="0" tests="3" name="org.appium.mobiletest.DataProviderTest" time="0.008" errors="0" timestamp="2023-01-20T17:17:35 GST" skipped="0">
  <testcase classname="org.appium.mobiletest.DataProviderTest" name="getDataFromDataProvider" time="0.005"/>
  <system-out/>
  <testcase classname="org.appium.mobiletest.DataProviderTest" name="getDataFromDataProvider" time="0.002"/>
  <system-out/>
  <testcase classname="org.appium.mobiletest.DataProviderTest" name="getDataFromDataProvider" time="0.001"/>
  <system-out/>
</testsuite> <!-- org.appium.mobiletest.DataProviderTest -->
